This is pdfTeX, Version 3.141592653-2.6-1.40.24 (MiKTeX 22.1) (preloaded format=pdflatex 2023.5.2)  23 MAY 2023 21:28
entering extended mode
 restricted \write18 enabled.
 file:line:error style messages enabled.
 %&-line parsing enabled.
**/Users/devanshijain/Documents/GitHub/resume/resume.tex
(/Users/devanshijain/Documents/GitHub/resume/resume.tex
LaTeX2e <2022-11-01> patch level 1
L3 programming layer <2023-04-20> (/Users/devanshijain/Library/Application Support/MiKTeX/texmfs/install/tex/latex/base/article.cls
Document Class: article 2022/07/02 v1.4n Standard LaTeX document class
(/Users/devanshijain/Library/Application Support/MiKTeX/texmfs/install/tex/latex/base/size11.clo
File: size11.clo 2022/07/02 v1.4n Standard LaTeX file (size option)
)
\c@part=\count185
\c@section=\count186
\c@subsection=\count187
\c@subsubsection=\count188
\c@paragraph=\count189
\c@subparagraph=\count190
\c@figure=\count191
\c@table=\count192
\abovecaptionskip=\skip48
\belowcaptionskip=\skip49
\bibindent=\dimen140
) (/Users/devanshijain/Library/Application Support/MiKTeX/texmfs/install/tex/latex/fontawesome5/fontawesome5.sty (/Users/devanshijain/Library/Application Support/MiKTeX/texmfs/install/tex/latex/l3kernel/expl3.sty
Package: expl3 2023-04-20 L3 programming layer (loader) 
 (/Users/devanshijain/Library/Application Support/MiKTeX/texmfs/install/tex/latex/l3backend/l3backend-pdftex.def
File: l3backend-pdftex.def 2023-04-19 L3 backend support: PDF output (pdfTeX)
\l__color_backend_stack_int=\count193
\l__pdf_internal_box=\box51
))
Package: fontawesome5 2022/05/02 v5.15.4 Font Awesome 5
 (/Users/devanshijain/Library/Application Support/MiKTeX/texmfs/install/tex/latex/l3packages/l3keys2e/l3keys2e.sty
Package: l3keys2e 2023-02-02 LaTeX2e option processing using LaTeX3 keys
) (/Users/devanshijain/Library/Application Support/MiKTeX/texmfs/install/tex/latex/l3packages/xparse/xparse.sty
Package: xparse 2023-02-02 L3 Experimental document command parser
) (/Users/devanshijain/Library/Application Support/MiKTeX/texmfs/install/tex/latex/fontawesome5/fontawesome5-generic-helper.sty
Package: fontawesome5-generic-helper 2022/05/02 v5.15.4 non-uTeX helper for fontawesome5
 (/Users/devanshijain/Library/Application Support/MiKTeX/texmfs/install/tex/latex/fontawesome5/fontawesome5-mapping.def))) (/Users/devanshijain/Library/Application Support/MiKTeX/texmfs/install/tex/latex/base/latexsym.sty
Package: latexsym 1998/08/17 v2.2e Standard LaTeX package (lasy symbols)
\symlasy=\mathgroup4
LaTeX Font Info:    Overwriting symbol font `lasy' in version `bold'
(Font)                  U/lasy/m/n --> U/lasy/b/n on input line 52.
) (/Users/devanshijain/Library/Application Support/MiKTeX/texmfs/install/tex/latex/preprint/fullpage.sty
Package: fullpage 1999/02/23 1.1 (PWD)
\FP@margin=\skip50
) (/Users/devanshijain/Library/Application Support/MiKTeX/texmfs/install/tex/latex/titlesec/titlesec.sty
Package: titlesec 2021/07/05 v2.14 Sectioning titles
\ttl@box=\box52
\beforetitleunit=\skip51
\aftertitleunit=\skip52
\ttl@plus=\dimen141
\ttl@minus=\dimen142
\ttl@toksa=\toks16
\titlewidth=\dimen143
\titlewidthlast=\dimen144
\titlewidthfirst=\dimen145
) (/Users/devanshijain/Library/Application Support/MiKTeX/texmfs/install/tex/latex/marvosym/marvosym.sty
Package: marvosym 2011/07/20 v2.2 Martin Vogel's Symbols font definitions
) (/Users/devanshijain/Library/Application Support/MiKTeX/texmfs/install/tex/latex/graphics/color.sty
Package: color 2022/01/06 v1.3d Standard LaTeX Color (DPC)
 (/Users/devanshijain/Library/Application Support/MiKTeX/texmfs/install/tex/latex/graphics-cfg/color.cfg
File: color.cfg 2016/01/02 v1.6 sample color configuration
)
Package color Info: Driver file: pdftex.def on input line 149.
 (/Users/devanshijain/Library/Application Support/MiKTeX/texmfs/install/tex/latex/graphics-def/pdftex.def
File: pdftex.def 2022/09/22 v1.2b Graphics/color driver for pdftex
) (/Users/devanshijain/Library/Application Support/MiKTeX/texmfs/install/tex/latex/graphics/dvipsnam.def
File: dvipsnam.def 2016/06/17 v3.0m Driver-dependent file (DPC,SPQR)
) (/Users/devanshijain/Library/Application Support/MiKTeX/texmfs/install/tex/latex/graphics/mathcolor.ltx)) (/Users/devanshijain/Library/Application Support/MiKTeX/texmfs/install/tex/latex/tools/verbatim.sty
Package: verbatim 2022-07-02 v1.5u LaTeX2e package for verbatim enhancements
\every@verbatim=\toks17
\verbatim@line=\toks18
\verbatim@in@stream=\read2
) (/Users/devanshijain/Library/Application Support/MiKTeX/texmfs/install/tex/latex/enumitem/enumitem.sty
Package: enumitem 2019/06/20 v3.9 Customized lists
\enitkv@toks@=\toks19
\labelindent=\skip53
\enit@outerparindent=\dimen146
\enit@toks=\toks20
\enit@inbox=\box53
\enit@count@id=\count194
\enitdp@description=\count195
) (/Users/devanshijain/Library/Application Support/MiKTeX/texmfs/install/tex/latex/hyperref/hyperref.sty
Package: hyperref 2023-04-22 v7.00x Hypertext links for LaTeX
 (/Users/devanshijain/Library/Application Support/MiKTeX/texmfs/install/tex/generic/ltxcmds/ltxcmds.sty
Package: ltxcmds 2020-05-10 v1.25 LaTeX kernel commands for general use (HO)
) (/Users/devanshijain/Library/Application Support/MiKTeX/texmfs/install/tex/generic/iftex/iftex.sty
Package: iftex 2022/02/03 v1.0f TeX engine tests
) (/Users/devanshijain/Library/Application Support/MiKTeX/texmfs/install/tex/generic/pdftexcmds/pdftexcmds.sty
Package: pdftexcmds 2020-06-27 v0.33 Utility functions of pdfTeX for LuaTeX (HO)
 (/Users/devanshijain/Library/Application Support/MiKTeX/texmfs/install/tex/generic/infwarerr/infwarerr.sty
Package: infwarerr 2019/12/03 v1.5 Providing info/warning/error messages (HO)
)
Package pdftexcmds Info: \pdf@primitive is available.
Package pdftexcmds Info: \pdf@ifprimitive is available.
Package pdftexcmds Info: \pdfdraftmode found.
) (/Users/devanshijain/Library/Application Support/MiKTeX/texmfs/install/tex/latex/graphics/keyval.sty
Package: keyval 2022/05/29 v1.15 key=value parser (DPC)
\KV@toks@=\toks21
) (/Users/devanshijain/Library/Application Support/MiKTeX/texmfs/install/tex/latex/kvsetkeys/kvsetkeys.sty
Package: kvsetkeys 2022-10-05 v1.19 Key value parser (HO)
) (/Users/devanshijain/Library/Application Support/MiKTeX/texmfs/install/tex/generic/kvdefinekeys/kvdefinekeys.sty
Package: kvdefinekeys 2019-12-19 v1.6 Define keys (HO)
) (/Users/devanshijain/Library/Application Support/MiKTeX/texmfs/install/tex/generic/pdfescape/pdfescape.sty
Package: pdfescape 2019/12/09 v1.15 Implements pdfTeX's escape features (HO)
) (/Users/devanshijain/Library/Application Support/MiKTeX/texmfs/install/tex/latex/hycolor/hycolor.sty
Package: hycolor 2020-01-27 v1.10 Color options for hyperref/bookmark (HO)
) (/Users/devanshijain/Library/Application Support/MiKTeX/texmfs/install/tex/latex/letltxmacro/letltxmacro.sty
Package: letltxmacro 2019/12/03 v1.6 Let assignment for LaTeX macros (HO)
) (/Users/devanshijain/Library/Application Support/MiKTeX/texmfs/install/tex/latex/auxhook/auxhook.sty
Package: auxhook 2019-12-17 v1.6 Hooks for auxiliary files (HO)
) (/Users/devanshijain/Library/Application Support/MiKTeX/texmfs/install/tex/latex/hyperref/nameref.sty
Package: nameref 2022-05-17 v2.50 Cross-referencing by name of section
 (/Users/devanshijain/Library/Application Support/MiKTeX/texmfs/install/tex/latex/refcount/refcount.sty
Package: refcount 2019/12/15 v3.6 Data extraction from label references (HO)
) (/Users/devanshijain/Library/Application Support/MiKTeX/texmfs/install/tex/generic/gettitlestring/gettitlestring.sty
Package: gettitlestring 2019/12/15 v1.6 Cleanup title references (HO)
 (/Users/devanshijain/Library/Application Support/MiKTeX/texmfs/install/tex/latex/kvoptions/kvoptions.sty
Package: kvoptions 2022-06-15 v3.15 Key value format for package options (HO)
))
\c@section@level=\count196
) (/Users/devanshijain/Library/Application Support/MiKTeX/texmfs/install/tex/latex/etoolbox/etoolbox.sty
Package: etoolbox 2020/10/05 v2.5k e-TeX tools for LaTeX (JAW)
\etb@tempcnta=\count197
)
\@linkdim=\dimen147
\Hy@linkcounter=\count198
\Hy@pagecounter=\count199
 (/Users/devanshijain/Library/Application Support/MiKTeX/texmfs/install/tex/latex/hyperref/pd1enc.def
File: pd1enc.def 2023-04-22 v7.00x Hyperref: PDFDocEncoding definition (HO)
Now handling font encoding PD1 ...
... no UTF-8 mapping file for font encoding PD1
) (/Users/devanshijain/Library/Application Support/MiKTeX/texmfs/install/tex/generic/intcalc/intcalc.sty
Package: intcalc 2019/12/15 v1.3 Expandable calculations with integers (HO)
)
\Hy@SavedSpaceFactor=\count266
 (/Users/devanshijain/Library/Application Support/MiKTeX/texmfs/install/tex/latex/hyperref/puenc.def
File: puenc.def 2023-04-22 v7.00x Hyperref: PDF Unicode definition (HO)
Now handling font encoding PU ...
... no UTF-8 mapping file for font encoding PU
)
Package hyperref Info: Hyper figures OFF on input line 4182.
Package hyperref Info: Link nesting OFF on input line 4187.
Package hyperref Info: Hyper index ON on input line 4190.
Package hyperref Info: Plain pages OFF on input line 4197.
Package hyperref Info: Backreferencing OFF on input line 4202.
Package hyperref Info: Implicit mode ON; LaTeX internals redefined.
Package hyperref Info: Bookmarks ON on input line 4449.
\c@Hy@tempcnt=\count267
 (/Users/devanshijain/Library/Application Support/MiKTeX/texmfs/install/tex/latex/url/url.sty
\Urlmuskip=\muskip16
Package: url 2013/09/16  ver 3.4  Verb mode for urls, etc.
)
LaTeX Info: Redefining \url on input line 4787.
\XeTeXLinkMargin=\dimen148
 (/Users/devanshijain/Library/Application Support/MiKTeX/texmfs/install/tex/generic/bitset/bitset.sty
Package: bitset 2019/12/09 v1.3 Handle bit-vector datatype (HO)
 (/Users/devanshijain/Library/Application Support/MiKTeX/texmfs/install/tex/generic/bigintcalc/bigintcalc.sty
Package: bigintcalc 2019/12/15 v1.5 Expandable calculations on big integers (HO)
))
\Fld@menulength=\count268
\Field@Width=\dimen149
\Fld@charsize=\dimen150
Package hyperref Info: Hyper figures OFF on input line 6066.
Package hyperref Info: Link nesting OFF on input line 6071.
Package hyperref Info: Hyper index ON on input line 6074.
Package hyperref Info: backreferencing OFF on input line 6081.
Package hyperref Info: Link coloring OFF on input line 6086.
Package hyperref Info: Link coloring with OCG OFF on input line 6091.
Package hyperref Info: PDF/A mode OFF on input line 6096.
 (/Users/devanshijain/Library/Application Support/MiKTeX/texmfs/install/tex/latex/base/atbegshi-ltx.sty
Package: atbegshi-ltx 2021/01/10 v1.0c Emulation of the original atbegshi
package with kernel methods
)
\Hy@abspage=\count269
\c@Item=\count270
\c@Hfootnote=\count271
)
Package hyperref Info: Driver (autodetected): hpdftex.
 (/Users/devanshijain/Library/Application Support/MiKTeX/texmfs/install/tex/latex/hyperref/hpdftex.def
File: hpdftex.def 2023-04-22 v7.00x Hyperref driver for pdfTeX
 (/Users/devanshijain/Library/Application Support/MiKTeX/texmfs/install/tex/latex/base/atveryend-ltx.sty
Package: atveryend-ltx 2020/08/19 v1.0a Emulation of the original atveryend package
with kernel methods
)
\Fld@listcount=\count272
\c@bookmark@seq@number=\count273
 (/Users/devanshijain/Library/Application Support/MiKTeX/texmfs/install/tex/latex/rerunfilecheck/rerunfilecheck.sty
Package: rerunfilecheck 2022-07-10 v1.10 Rerun checks for auxiliary files (HO)
 (/Users/devanshijain/Library/Application Support/MiKTeX/texmfs/install/tex/generic/uniquecounter/uniquecounter.sty
Package: uniquecounter 2019/12/15 v1.4 Provide unlimited unique counter (HO)
)
Package uniquecounter Info: New unique counter `rerunfilecheck' on input line 285.
)
\Hy@SectionHShift=\skip54
) (/Users/devanshijain/Library/Application Support/MiKTeX/texmfs/install/tex/generic/babel/babel.sty
Package: babel 2023/04/18 3.88 The Babel package
\babel@savecnt=\count274
\U@D=\dimen151
\l@unhyphenated=\language79
 (/Users/devanshijain/Library/Application Support/MiKTeX/texmfs/install/tex/generic/babel/txtbabel.def)
\bbl@readstream=\read3
\bbl@dirlevel=\count275

*************************************
* Local config file bblopts.cfg used
*
(/Users/devanshijain/Library/Application Support/MiKTeX/texmfs/install/tex/latex/arabi/bblopts.cfg
File: bblopts.cfg 2005/09/08 v0.1 add Arabic and Farsi to "declared" options of babel
) (/Users/devanshijain/Library/Application Support/MiKTeX/texmfs/install/tex/latex/babel-english/english.ldf
Language: english 2017/06/06 v3.3r English support from the babel system
Package babel Info: Hyphen rules for 'canadian' set to \l@english
(babel)             (\language0). Reported on input line 102.
Package babel Info: Hyphen rules for 'australian' set to \l@ukenglish
(babel)             (\language73). Reported on input line 105.
Package babel Info: Hyphen rules for 'newzealand' set to \l@ukenglish
(babel)             (\language73). Reported on input line 108.
)) (/Users/devanshijain/Library/Application Support/MiKTeX/texmfs/install/tex/generic/babel/locale/en/babel-english.tex
Package babel Info: Importing font and identification data for english
(babel)             from babel-en.ini. Reported on input line 11.
) (/Users/devanshijain/Library/Application Support/MiKTeX/texmfs/install/tex/latex/tools/tabularx.sty
Package: tabularx 2020/01/15 v2.11c `tabularx' package (DPC)
 (/Users/devanshijain/Library/Application Support/MiKTeX/texmfs/install/tex/latex/tools/array.sty
Package: array 2022/09/04 v2.5g Tabular extension package (FMi)
\col@sep=\dimen152
\ar@mcellbox=\box54
\extrarowheight=\dimen153
\NC@list=\toks22
\extratabsurround=\skip55
\backup@length=\skip56
\ar@cellbox=\box55
)
\TX@col@width=\dimen154
\TX@old@table=\dimen155
\TX@old@col=\dimen156
\TX@target=\dimen157
\TX@delta=\dimen158
\TX@cols=\count276
\TX@ftn=\toks23
) (/Users/devanshijain/Library/Application Support/MiKTeX/texmfs/install/tex/latex/tools/multicol.sty
Package: multicol 2021/11/30 v1.9d multicolumn formatting (FMi)
\c@tracingmulticols=\count277
\mult@box=\box56
\multicol@leftmargin=\dimen159
\c@unbalance=\count278
\c@collectmore=\count279
\doublecol@number=\count280
\multicoltolerance=\count281
\multicolpretolerance=\count282
\full@width=\dimen160
\page@free=\dimen161
\premulticols=\dimen162
\postmulticols=\dimen163
\multicolsep=\skip57
\multicolbaselineskip=\skip58
\partial@page=\box57
\last@line=\box58
\maxbalancingoverflow=\dimen164
\mult@rightbox=\box59
\mult@grightbox=\box60
\mult@firstbox=\box61
\mult@gfirstbox=\box62
\@tempa=\box63
\@tempa=\box64
\@tempa=\box65
\@tempa=\box66
\@tempa=\box67
\@tempa=\box68
\@tempa=\box69
\@tempa=\box70
\@tempa=\box71
\@tempa=\box72
\@tempa=\box73
\@tempa=\box74
\@tempa=\box75
\@tempa=\box76
\@tempa=\box77
\@tempa=\box78
\@tempa=\box79
\@tempa=\box80
\@tempa=\box81
\@tempa=\box82
\@tempa=\box83
\@tempa=\box84
\@tempa=\box85
\@tempa=\box86
\@tempa=\box87
\@tempa=\box88
\@tempa=\box89
\@tempa=\box90
\@tempa=\box91
\@tempa=\box92
\@tempa=\box93
\@tempa=\box94
\@tempa=\box95
\@tempa=\box96
\@tempa=\box97
\@tempa=\box98
\c@minrows=\count283
\c@columnbadness=\count284
\c@finalcolumnbadness=\count285
\last@try=\dimen165
\multicolovershoot=\dimen166
\multicolundershoot=\dimen167
\mult@nat@firstbox=\box99
\colbreak@box=\box100
\mc@col@check@num=\count286
) (/Users/devanshijain/Library/Application Support/MiKTeX/texmfs/install/tex/latex/graphics/graphicx.sty
Package: graphicx 2021/09/16 v1.2d Enhanced LaTeX Graphics (DPC,SPQR)
 (/Users/devanshijain/Library/Application Support/MiKTeX/texmfs/install/tex/latex/graphics/graphics.sty
Package: graphics 2022/03/10 v1.4e Standard LaTeX Graphics (DPC,SPQR)
 (/Users/devanshijain/Library/Application Support/MiKTeX/texmfs/install/tex/latex/graphics/trig.sty
Package: trig 2021/08/11 v1.11 sin cos tan (DPC)
) (/Users/devanshijain/Library/Application Support/MiKTeX/texmfs/install/tex/latex/graphics-cfg/graphics.cfg
File: graphics.cfg 2016/06/04 v1.11 sample graphics configuration
)
Package graphics Info: Driver file: pdftex.def on input line 107.
)
\Gin@req@height=\dimen168
\Gin@req@width=\dimen169
) (/Users/devanshijain/Library/Application Support/MiKTeX/texmfs/install/tex/generic/pdftex/glyphtounicode.tex) (/Users/devanshijain/Library/Application Support/MiKTeX/texmfs/install/tex/latex/pgf/frontendlayer/tikz.sty (/Users/devanshijain/Library/Application Support/MiKTeX/texmfs/install/tex/latex/pgf/basiclayer/pgf.sty (/Users/devanshijain/Library/Application Support/MiKTeX/texmfs/install/tex/latex/pgf/utilities/pgfrcs.sty (/Users/devanshijain/Library/Application Support/MiKTeX/texmfs/install/tex/generic/pgf/utilities/pgfutil-common.tex
\pgfutil@everybye=\toks24
\pgfutil@tempdima=\dimen170
\pgfutil@tempdimb=\dimen171
) (/Users/devanshijain/Library/Application Support/MiKTeX/texmfs/install/tex/generic/pgf/utilities/pgfutil-latex.def
\pgfutil@abb=\box101
) (/Users/devanshijain/Library/Application Support/MiKTeX/texmfs/install/tex/generic/pgf/utilities/pgfrcs.code.tex (/Users/devanshijain/Library/Application Support/MiKTeX/texmfs/install/tex/generic/pgf/pgf.revision.tex)
Package: pgfrcs 2023-01-15 v3.1.10 (3.1.10)
))
Package: pgf 2023-01-15 v3.1.10 (3.1.10)
 (/Users/devanshijain/Library/Application Support/MiKTeX/texmfs/install/tex/latex/pgf/basiclayer/pgfcore.sty (/Users/devanshijain/Library/Application Support/MiKTeX/texmfs/install/tex/latex/pgf/systemlayer/pgfsys.sty (/Users/devanshijain/Library/Application Support/MiKTeX/texmfs/install/tex/generic/pgf/systemlayer/pgfsys.code.tex
Package: pgfsys 2023-01-15 v3.1.10 (3.1.10)
 (/Users/devanshijain/Library/Application Support/MiKTeX/texmfs/install/tex/generic/pgf/utilities/pgfkeys.code.tex
\pgfkeys@pathtoks=\toks25
\pgfkeys@temptoks=\toks26
 (/Users/devanshijain/Library/Application Support/MiKTeX/texmfs/install/tex/generic/pgf/utilities/pgfkeyslibraryfiltered.code.tex
\pgfkeys@tmptoks=\toks27
))
\pgf@x=\dimen172
\pgf@y=\dimen173
\pgf@xa=\dimen174
\pgf@ya=\dimen175
\pgf@xb=\dimen176
\pgf@yb=\dimen177
\pgf@xc=\dimen178
\pgf@yc=\dimen179
\pgf@xd=\dimen180
\pgf@yd=\dimen181
\w@pgf@writea=\write3
\r@pgf@reada=\read4
\c@pgf@counta=\count287
\c@pgf@countb=\count288
\c@pgf@countc=\count289
\c@pgf@countd=\count290
\t@pgf@toka=\toks28
\t@pgf@tokb=\toks29
\t@pgf@tokc=\toks30
\pgf@sys@id@count=\count291
 (/Users/devanshijain/Library/Application Support/MiKTeX/texmfs/install/tex/generic/pgf/systemlayer/pgf.cfg
File: pgf.cfg 2023-01-15 v3.1.10 (3.1.10)
)
Driver file for pgf: pgfsys-pdftex.def
 (/Users/devanshijain/Library/Application Support/MiKTeX/texmfs/install/tex/generic/pgf/systemlayer/pgfsys-pdftex.def
File: pgfsys-pdftex.def 2023-01-15 v3.1.10 (3.1.10)
 (/Users/devanshijain/Library/Application Support/MiKTeX/texmfs/install/tex/generic/pgf/systemlayer/pgfsys-common-pdf.def
File: pgfsys-common-pdf.def 2023-01-15 v3.1.10 (3.1.10)
))) (/Users/devanshijain/Library/Application Support/MiKTeX/texmfs/install/tex/generic/pgf/systemlayer/pgfsyssoftpath.code.tex
File: pgfsyssoftpath.code.tex 2023-01-15 v3.1.10 (3.1.10)
\pgfsyssoftpath@smallbuffer@items=\count292
\pgfsyssoftpath@bigbuffer@items=\count293
) (/Users/devanshijain/Library/Application Support/MiKTeX/texmfs/install/tex/generic/pgf/systemlayer/pgfsysprotocol.code.tex
File: pgfsysprotocol.code.tex 2023-01-15 v3.1.10 (3.1.10)
)) (/Users/devanshijain/Library/Application Support/MiKTeX/texmfs/install/tex/latex/xcolor/xcolor.sty
Package: xcolor 2022/06/12 v2.14 LaTeX color extensions (UK)
 (/Users/devanshijain/Library/Application Support/MiKTeX/texmfs/install/tex/latex/graphics-cfg/color.cfg
File: color.cfg 2016/01/02 v1.6 sample color configuration
)
Package xcolor Info: Driver file: pdftex.def on input line 227.
LaTeX Info: Redefining \color on input line 711.
 (/Users/devanshijain/Library/Application Support/MiKTeX/texmfs/install/tex/latex/graphics/mathcolor.ltx)
Package xcolor Info: Model `cmy' substituted by `cmy0' on input line 1353.
Package xcolor Info: Model `hsb' substituted by `rgb' on input line 1357.
Package xcolor Info: Model `RGB' extended on input line 1369.
Package xcolor Info: Model `HTML' substituted by `rgb' on input line 1371.
Package xcolor Info: Model `Hsb' substituted by `hsb' on input line 1372.
Package xcolor Info: Model `tHsb' substituted by `hsb' on input line 1373.
Package xcolor Info: Model `HSB' substituted by `hsb' on input line 1374.
Package xcolor Info: Model `Gray' substituted by `gray' on input line 1375.
Package xcolor Info: Model `wave' substituted by `hsb' on input line 1376.
) (/Users/devanshijain/Library/Application Support/MiKTeX/texmfs/install/tex/generic/pgf/basiclayer/pgfcore.code.tex
Package: pgfcore 2023-01-15 v3.1.10 (3.1.10)
 (/Users/devanshijain/Library/Application Support/MiKTeX/texmfs/install/tex/generic/pgf/math/pgfmath.code.tex (/Users/devanshijain/Library/Application Support/MiKTeX/texmfs/install/tex/generic/pgf/math/pgfmathutil.code.tex) (/Users/devanshijain/Library/Application Support/MiKTeX/texmfs/install/tex/generic/pgf/math/pgfmathparser.code.tex
\pgfmath@dimen=\dimen182
\pgfmath@count=\count294
\pgfmath@box=\box102
\pgfmath@toks=\toks31
\pgfmath@stack@operand=\toks32
\pgfmath@stack@operation=\toks33
) (/Users/devanshijain/Library/Application Support/MiKTeX/texmfs/install/tex/generic/pgf/math/pgfmathfunctions.code.tex) (/Users/devanshijain/Library/Application Support/MiKTeX/texmfs/install/tex/generic/pgf/math/pgfmathfunctions.basic.code.tex) (/Users/devanshijain/Library/Application Support/MiKTeX/texmfs/install/tex/generic/pgf/math/pgfmathfunctions.trigonometric.code.tex) (/Users/devanshijain/Library/Application Support/MiKTeX/texmfs/install/tex/generic/pgf/math/pgfmathfunctions.random.code.tex) (/Users/devanshijain/Library/Application Support/MiKTeX/texmfs/install/tex/generic/pgf/math/pgfmathfunctions.comparison.code.tex) (/Users/devanshijain/Library/Application Support/MiKTeX/texmfs/install/tex/generic/pgf/math/pgfmathfunctions.base.code.tex) (/Users/devanshijain/Library/Application Support/MiKTeX/texmfs/install/tex/generic/pgf/math/pgfmathfunctions.round.code.tex) (/Users/devanshijain/Library/Application Support/MiKTeX/texmfs/install/tex/generic/pgf/math/pgfmathfunctions.misc.code.tex) (/Users/devanshijain/Library/Application Support/MiKTeX/texmfs/install/tex/generic/pgf/math/pgfmathfunctions.integerarithmetics.code.tex) (/Users/devanshijain/Library/Application Support/MiKTeX/texmfs/install/tex/generic/pgf/math/pgfmathcalc.code.tex) (/Users/devanshijain/Library/Application Support/MiKTeX/texmfs/install/tex/generic/pgf/math/pgfmathfloat.code.tex
\c@pgfmathroundto@lastzeros=\count295
)) (/Users/devanshijain/Library/Application Support/MiKTeX/texmfs/install/tex/generic/pgf/math/pgfint.code.tex) (/Users/devanshijain/Library/Application Support/MiKTeX/texmfs/install/tex/generic/pgf/basiclayer/pgfcorepoints.code.tex
File: pgfcorepoints.code.tex 2023-01-15 v3.1.10 (3.1.10)
\pgf@picminx=\dimen183
\pgf@picmaxx=\dimen184
\pgf@picminy=\dimen185
\pgf@picmaxy=\dimen186
\pgf@pathminx=\dimen187
\pgf@pathmaxx=\dimen188
\pgf@pathminy=\dimen189
\pgf@pathmaxy=\dimen190
\pgf@xx=\dimen191
\pgf@xy=\dimen192
\pgf@yx=\dimen193
\pgf@yy=\dimen194
\pgf@zx=\dimen195
\pgf@zy=\dimen196
) (/Users/devanshijain/Library/Application Support/MiKTeX/texmfs/install/tex/generic/pgf/basiclayer/pgfcorepathconstruct.code.tex
File: pgfcorepathconstruct.code.tex 2023-01-15 v3.1.10 (3.1.10)
\pgf@path@lastx=\dimen197
\pgf@path@lasty=\dimen198
) (/Users/devanshijain/Library/Application Support/MiKTeX/texmfs/install/tex/generic/pgf/basiclayer/pgfcorepathusage.code.tex
File: pgfcorepathusage.code.tex 2023-01-15 v3.1.10 (3.1.10)
\pgf@shorten@end@additional=\dimen199
\pgf@shorten@start@additional=\dimen256
) (/Users/devanshijain/Library/Application Support/MiKTeX/texmfs/install/tex/generic/pgf/basiclayer/pgfcorescopes.code.tex
File: pgfcorescopes.code.tex 2023-01-15 v3.1.10 (3.1.10)
\pgfpic=\box103
\pgf@hbox=\box104
\pgf@layerbox@main=\box105
\pgf@picture@serial@count=\count296
) (/Users/devanshijain/Library/Application Support/MiKTeX/texmfs/install/tex/generic/pgf/basiclayer/pgfcoregraphicstate.code.tex
File: pgfcoregraphicstate.code.tex 2023-01-15 v3.1.10 (3.1.10)
\pgflinewidth=\dimen257
) (/Users/devanshijain/Library/Application Support/MiKTeX/texmfs/install/tex/generic/pgf/basiclayer/pgfcoretransformations.code.tex
File: pgfcoretransformations.code.tex 2023-01-15 v3.1.10 (3.1.10)
\pgf@pt@x=\dimen258
\pgf@pt@y=\dimen259
\pgf@pt@temp=\dimen260
) (/Users/devanshijain/Library/Application Support/MiKTeX/texmfs/install/tex/generic/pgf/basiclayer/pgfcorequick.code.tex
File: pgfcorequick.code.tex 2023-01-15 v3.1.10 (3.1.10)
) (/Users/devanshijain/Library/Application Support/MiKTeX/texmfs/install/tex/generic/pgf/basiclayer/pgfcoreobjects.code.tex
File: pgfcoreobjects.code.tex 2023-01-15 v3.1.10 (3.1.10)
) (/Users/devanshijain/Library/Application Support/MiKTeX/texmfs/install/tex/generic/pgf/basiclayer/pgfcorepathprocessing.code.tex
File: pgfcorepathprocessing.code.tex 2023-01-15 v3.1.10 (3.1.10)
) (/Users/devanshijain/Library/Application Support/MiKTeX/texmfs/install/tex/generic/pgf/basiclayer/pgfcorearrows.code.tex
File: pgfcorearrows.code.tex 2023-01-15 v3.1.10 (3.1.10)
\pgfarrowsep=\dimen261
) (/Users/devanshijain/Library/Application Support/MiKTeX/texmfs/install/tex/generic/pgf/basiclayer/pgfcoreshade.code.tex
File: pgfcoreshade.code.tex 2023-01-15 v3.1.10 (3.1.10)
\pgf@max=\dimen262
\pgf@sys@shading@range@num=\count297
\pgf@shadingcount=\count298
) (/Users/devanshijain/Library/Application Support/MiKTeX/texmfs/install/tex/generic/pgf/basiclayer/pgfcoreimage.code.tex
File: pgfcoreimage.code.tex 2023-01-15 v3.1.10 (3.1.10)
) (/Users/devanshijain/Library/Application Support/MiKTeX/texmfs/install/tex/generic/pgf/basiclayer/pgfcoreexternal.code.tex
File: pgfcoreexternal.code.tex 2023-01-15 v3.1.10 (3.1.10)
\pgfexternal@startupbox=\box106
) (/Users/devanshijain/Library/Application Support/MiKTeX/texmfs/install/tex/generic/pgf/basiclayer/pgfcorelayers.code.tex
File: pgfcorelayers.code.tex 2023-01-15 v3.1.10 (3.1.10)
) (/Users/devanshijain/Library/Application Support/MiKTeX/texmfs/install/tex/generic/pgf/basiclayer/pgfcoretransparency.code.tex
File: pgfcoretransparency.code.tex 2023-01-15 v3.1.10 (3.1.10)
) (/Users/devanshijain/Library/Application Support/MiKTeX/texmfs/install/tex/generic/pgf/basiclayer/pgfcorepatterns.code.tex
File: pgfcorepatterns.code.tex 2023-01-15 v3.1.10 (3.1.10)
) (/Users/devanshijain/Library/Application Support/MiKTeX/texmfs/install/tex/generic/pgf/basiclayer/pgfcorerdf.code.tex
File: pgfcorerdf.code.tex 2023-01-15 v3.1.10 (3.1.10)
))) (/Users/devanshijain/Library/Application Support/MiKTeX/texmfs/install/tex/generic/pgf/modules/pgfmoduleshapes.code.tex
File: pgfmoduleshapes.code.tex 2023-01-15 v3.1.10 (3.1.10)
\pgfnodeparttextbox=\box107
) (/Users/devanshijain/Library/Application Support/MiKTeX/texmfs/install/tex/generic/pgf/modules/pgfmoduleplot.code.tex
File: pgfmoduleplot.code.tex 2023-01-15 v3.1.10 (3.1.10)
) (/Users/devanshijain/Library/Application Support/MiKTeX/texmfs/install/tex/latex/pgf/compatibility/pgfcomp-version-0-65.sty
Package: pgfcomp-version-0-65 2023-01-15 v3.1.10 (3.1.10)
\pgf@nodesepstart=\dimen263
\pgf@nodesepend=\dimen264
) (/Users/devanshijain/Library/Application Support/MiKTeX/texmfs/install/tex/latex/pgf/compatibility/pgfcomp-version-1-18.sty
Package: pgfcomp-version-1-18 2023-01-15 v3.1.10 (3.1.10)
)) (/Users/devanshijain/Library/Application Support/MiKTeX/texmfs/install/tex/latex/pgf/utilities/pgffor.sty (/Users/devanshijain/Library/Application Support/MiKTeX/texmfs/install/tex/latex/pgf/utilities/pgfkeys.sty (/Users/devanshijain/Library/Application Support/MiKTeX/texmfs/install/tex/generic/pgf/utilities/pgfkeys.code.tex)) (/Users/devanshijain/Library/Application Support/MiKTeX/texmfs/install/tex/latex/pgf/math/pgfmath.sty (/Users/devanshijain/Library/Application Support/MiKTeX/texmfs/install/tex/generic/pgf/math/pgfmath.code.tex)) (/Users/devanshijain/Library/Application Support/MiKTeX/texmfs/install/tex/generic/pgf/utilities/pgffor.code.tex
Package: pgffor 2023-01-15 v3.1.10 (3.1.10)
\pgffor@iter=\dimen265
\pgffor@skip=\dimen266
\pgffor@stack=\toks34
\pgffor@toks=\toks35
)) (/Users/devanshijain/Library/Application Support/MiKTeX/texmfs/install/tex/generic/pgf/frontendlayer/tikz/tikz.code.tex
Package: tikz 2023-01-15 v3.1.10 (3.1.10)
 (/Users/devanshijain/Library/Application Support/MiKTeX/texmfs/install/tex/generic/pgf/libraries/pgflibraryplothandlers.code.tex
File: pgflibraryplothandlers.code.tex 2023-01-15 v3.1.10 (3.1.10)
\pgf@plot@mark@count=\count299
\pgfplotmarksize=\dimen267
)
\tikz@lastx=\dimen268
\tikz@lasty=\dimen269
\tikz@lastxsaved=\dimen270
\tikz@lastysaved=\dimen271
\tikz@lastmovetox=\dimen272
\tikz@lastmovetoy=\dimen273
\tikzleveldistance=\dimen274
\tikzsiblingdistance=\dimen275
\tikz@figbox=\box108
\tikz@figbox@bg=\box109
\tikz@tempbox=\box110
\tikz@tempbox@bg=\box111
\tikztreelevel=\count300
\tikznumberofchildren=\count301
\tikznumberofcurrentchild=\count302
\tikz@fig@count=\count303
 (/Users/devanshijain/Library/Application Support/MiKTeX/texmfs/install/tex/generic/pgf/modules/pgfmodulematrix.code.tex
File: pgfmodulematrix.code.tex 2023-01-15 v3.1.10 (3.1.10)
\pgfmatrixcurrentrow=\count304
\pgfmatrixcurrentcolumn=\count305
\pgf@matrix@numberofcolumns=\count306
)
\tikz@expandcount=\count307
 (/Users/devanshijain/Library/Application Support/MiKTeX/texmfs/install/tex/generic/pgf/frontendlayer/tikz/libraries/tikzlibrarytopaths.code.tex
File: tikzlibrarytopaths.code.tex 2023-01-15 v3.1.10 (3.1.10)
))) (/Users/devanshijain/Library/Application Support/MiKTeX/texmfs/install/tex/generic/pgf/frontendlayer/tikz/libraries/tikzlibrarysvg.path.code.tex
File: tikzlibrarysvg.path.code.tex 2023-01-15 v3.1.10 (3.1.10)
 (/Users/devanshijain/Library/Application Support/MiKTeX/texmfs/install/tex/generic/pgf/libraries/pgflibrarysvg.path.code.tex
File: pgflibrarysvg.path.code.tex 2023-01-15 v3.1.10 (3.1.10)
 (/Users/devanshijain/Library/Application Support/MiKTeX/texmfs/install/tex/generic/pgf/modules/pgfmoduleparser.code.tex
File: pgfmoduleparser.code.tex 2023-01-15 v3.1.10 (3.1.10)
\pgfparserdef@arg@count=\count308
)
\pgf@lib@svg@last@x=\dimen276
\pgf@lib@svg@last@y=\dimen277
\pgf@lib@svg@last@c@x=\dimen278
\pgf@lib@svg@last@c@y=\dimen279
\pgf@lib@svg@count=\count309
\pgf@lib@svg@max@num=\count310
)) (resume.aux)
\openout1 = `resume.aux'.

LaTeX Font Info:    Checking defaults for OML/cmm/m/it on input line 138.
LaTeX Font Info:    ... okay on input line 138.
LaTeX Font Info:    Checking defaults for OMS/cmsy/m/n on input line 138.
LaTeX Font Info:    ... okay on input line 138.
LaTeX Font Info:    Checking defaults for OT1/cmr/m/n on input line 138.
LaTeX Font Info:    ... okay on input line 138.
LaTeX Font Info:    Checking defaults for T1/cmr/m/n on input line 138.
LaTeX Font Info:    ... okay on input line 138.
LaTeX Font Info:    Checking defaults for TS1/cmr/m/n on input line 138.
LaTeX Font Info:    ... okay on input line 138.
LaTeX Font Info:    Checking defaults for OMX/cmex/m/n on input line 138.
LaTeX Font Info:    ... okay on input line 138.
LaTeX Font Info:    Checking defaults for U/cmr/m/n on input line 138.
LaTeX Font Info:    ... okay on input line 138.
LaTeX Font Info:    Checking defaults for PD1/pdf/m/n on input line 138.
LaTeX Font Info:    ... okay on input line 138.
LaTeX Font Info:    Checking defaults for PU/pdf/m/n on input line 138.
LaTeX Font Info:    ... okay on input line 138.
 (/Users/devanshijain/Library/Application Support/MiKTeX/texmfs/install/tex/context/base/mkii/supp-pdf.mkii
[Loading MPS to PDF converter (version 2006.09.02).]
\scratchcounter=\count311
\scratchdimen=\dimen280
\scratchbox=\box112
\nofMPsegments=\count312
\nofMParguments=\count313
\everyMPshowfont=\toks36
\MPscratchCnt=\count314
\MPscratchDim=\dimen281
\MPnumerator=\count315
\makeMPintoPDFobject=\count316
\everyMPtoPDFconversion=\toks37
) (/Users/devanshijain/Library/Application Support/MiKTeX/texmfs/install/tex/latex/epstopdf-pkg/epstopdf-base.sty
Package: epstopdf-base 2020-01-24 v2.11 Base part for package epstopdf
Package epstopdf-base Info: Redefining graphics rule for `.eps' on input line 485.
 (/Users/devanshijain/Library/Application Support/MiKTeX/texmfs/install/tex/latex/00miktex/epstopdf-sys.cfg
File: epstopdf-sys.cfg 2021/03/18 v2.0 Configuration of epstopdf for MiKTeX
))
Package hyperref Info: Link coloring OFF on input line 138.
\@outlinefile=\write4
\openout4 = `resume.out'.

LaTeX Font Info:    Trying to load font information for U+fontawesomefree2 on input line 162.
 (/Users/devanshijain/Library/Application Support/MiKTeX/texmfs/install/tex/latex/fontawesome5/ufontawesomefree2.fd)
LaTeX Font Info:    Trying to load font information for U+fontawesomefree1 on input line 163.
 (/Users/devanshijain/Library/Application Support/MiKTeX/texmfs/install/tex/latex/fontawesome5/ufontawesomefree1.fd)
LaTeX Font Info:    External font `cmex10' loaded for size
(Font)              <7> on input line 163.
LaTeX Font Info:    External font `cmex10' loaded for size
(Font)              <5> on input line 163.
LaTeX Font Info:    Trying to load font information for U+lasy on input line 163.
 (/Users/devanshijain/Library/Application Support/MiKTeX/texmfs/install/tex/latex/base/ulasy.fd
File: ulasy.fd 1998/08/17 v2.2e LaTeX symbol font definitions
)
LaTeX Font Info:    Trying to load font information for U+fontawesomebrands0 on input line 164.
 (/Users/devanshijain/Library/Application Support/MiKTeX/texmfs/install/tex/latex/fontawesome5/ufontawesomebrands0.fd)
LaTeX Font Info:    Font shape `U/fontawesomebrands0/solid/n' in size <10> not available
(Font)              Font shape `U/fontawesomebrands0/regular/n' tried instead on input line 164.


LaTeX Font Warning: Font shape `OT1/cmr/bx/sc' undefined
(Font)              using `OT1/cmr/bx/n' instead on input line 171.

LaTeX Font Info:    External font `cmex10' loaded for size
(Font)              <10.95> on input line 175.
LaTeX Font Info:    External font `cmex10' loaded for size
(Font)              <8> on input line 175.
LaTeX Font Info:    External font `cmex10' loaded for size
(Font)              <6> on input line 175.
LaTeX Font Info:    External font `cmex10' loaded for size
(Font)              <12> on input line 184.
/Users/devanshijain/Documents/GitHub/resume/resume.tex:200: Extra }, or forgotten \endgroup.
<recently read> \egroup 
                        
l.200       \resumeItem
                       {\textbf{Passion for marine robotics} and a strong ba...
I've deleted a group-closing symbol because it seems to be
spurious, as in `$x}$'. But perhaps the } is legitimate and
you forgot something else, as in `\hbox{$x}'. In such cases
the way to recover is to insert both the forgotten and the
deleted material, e.g., by typing `I$}'.

/Users/devanshijain/Documents/GitHub/resume/resume.tex:200: Missing } inserted.
<inserted text> 
                }
l.200       \resumeItem
                       {\textbf{Passion for marine robotics} and a strong ba...
I've put in what seems to be necessary to fix
the current column of the current alignment.
Try to go on, since this might almost work.

/Users/devanshijain/Documents/GitHub/resume/resume.tex:200: Extra }, or forgotten \endgroup.
<inserted text> }
                 
l.200       \resumeItem
                       {\textbf{Passion for marine robotics} and a strong ba...
I've deleted a group-closing symbol because it seems to be
spurious, as in `$x}$'. But perhaps the } is legitimate and
you forgot something else, as in `\hbox{$x}'. In such cases
the way to recover is to insert both the forgotten and the
deleted material, e.g., by typing `I$}'.

/Users/devanshijain/Documents/GitHub/resume/resume.tex:200: Missing } inserted.
<inserted text> 
                }
l.200       \resumeItem
                       {\textbf{Passion for marine robotics} and a strong ba...
I've put in what seems to be necessary to fix
the current column of the current alignment.
Try to go on, since this might almost work.

/Users/devanshijain/Documents/GitHub/resume/resume.tex:200: Extra }, or forgotten \endgroup.
<inserted text> }
                 
l.200       \resumeItem
                       {\textbf{Passion for marine robotics} and a strong ba...
I've deleted a group-closing symbol because it seems to be
spurious, as in `$x}$'. But perhaps the } is legitimate and
you forgot something else, as in `\hbox{$x}'. In such cases
the way to recover is to insert both the forgotten and the
deleted material, e.g., by typing `I$}'.

/Users/devanshijain/Documents/GitHub/resume/resume.tex:200: Missing } inserted.
<inserted text> 
                }
l.200       \resumeItem
                       {\textbf{Passion for marine robotics} and a strong ba...
I've put in what seems to be necessary to fix
the current column of the current alignment.
Try to go on, since this might almost work.

/Users/devanshijain/Documents/GitHub/resume/resume.tex:200: Extra }, or forgotten \endgroup.
<inserted text> }
                 
l.200       \resumeItem
                       {\textbf{Passion for marine robotics} and a strong ba...
I've deleted a group-closing symbol because it seems to be
spurious, as in `$x}$'. But perhaps the } is legitimate and
you forgot something else, as in `\hbox{$x}'. In such cases
the way to recover is to insert both the forgotten and the
deleted material, e.g., by typing `I$}'.

/Users/devanshijain/Documents/GitHub/resume/resume.tex:200: Missing } inserted.
<inserted text> 
                }
l.200       \resumeItem
                       {\textbf{Passion for marine robotics} and a strong ba...
I've put in what seems to be necessary to fix
the current column of the current alignment.
Try to go on, since this might almost work.

/Users/devanshijain/Documents/GitHub/resume/resume.tex:200: Extra }, or forgotten \endgroup.
<inserted text> }
                 
l.200       \resumeItem
                       {\textbf{Passion for marine robotics} and a strong ba...
I've deleted a group-closing symbol because it seems to be
spurious, as in `$x}$'. But perhaps the } is legitimate and
you forgot something else, as in `\hbox{$x}'. In such cases
the way to recover is to insert both the forgotten and the
deleted material, e.g., by typing `I$}'.

/Users/devanshijain/Documents/GitHub/resume/resume.tex:200: Missing } inserted.
<inserted text> 
                }
l.200       \resumeItem
                       {\textbf{Passion for marine robotics} and a strong ba...
I've put in what seems to be necessary to fix
the current column of the current alignment.
Try to go on, since this might almost work.

/Users/devanshijain/Documents/GitHub/resume/resume.tex:200: Extra }, or forgotten \endgroup.
<inserted text> }
                 
l.200       \resumeItem
                       {\textbf{Passion for marine robotics} and a strong ba...
I've deleted a group-closing symbol because it seems to be
spurious, as in `$x}$'. But perhaps the } is legitimate and
you forgot something else, as in `\hbox{$x}'. In such cases
the way to recover is to insert both the forgotten and the
deleted material, e.g., by typing `I$}'.

/Users/devanshijain/Documents/GitHub/resume/resume.tex:200: Missing } inserted.
<inserted text> 
                }
l.200       \resumeItem
                       {\textbf{Passion for marine robotics} and a strong ba...
I've put in what seems to be necessary to fix
the current column of the current alignment.
Try to go on, since this might almost work.

/Users/devanshijain/Documents/GitHub/resume/resume.tex:200: Extra }, or forgotten \endgroup.
<inserted text> }
                 
l.200       \resumeItem
                       {\textbf{Passion for marine robotics} and a strong ba...
I've deleted a group-closing symbol because it seems to be
spurious, as in `$x}$'. But perhaps the } is legitimate and
you forgot something else, as in `\hbox{$x}'. In such cases
the way to recover is to insert both the forgotten and the
deleted material, e.g., by typing `I$}'.

/Users/devanshijain/Documents/GitHub/resume/resume.tex:200: Missing } inserted.
<inserted text> 
                }
l.200       \resumeItem
                       {\textbf{Passion for marine robotics} and a strong ba...
I've put in what seems to be necessary to fix
the current column of the current alignment.
Try to go on, since this might almost work.

/Users/devanshijain/Documents/GitHub/resume/resume.tex:200: Extra }, or forgotten \endgroup.
<inserted text> }
                 
l.200       \resumeItem
                       {\textbf{Passion for marine robotics} and a strong ba...
I've deleted a group-closing symbol because it seems to be
spurious, as in `$x}$'. But perhaps the } is legitimate and
you forgot something else, as in `\hbox{$x}'. In such cases
the way to recover is to insert both the forgotten and the
deleted material, e.g., by typing `I$}'.

/Users/devanshijain/Documents/GitHub/resume/resume.tex:200: Missing } inserted.
<inserted text> 
                }
l.200       \resumeItem
                       {\textbf{Passion for marine robotics} and a strong ba...
I've put in what seems to be necessary to fix
the current column of the current alignment.
Try to go on, since this might almost work.

/Users/devanshijain/Documents/GitHub/resume/resume.tex:200: Extra }, or forgotten \endgroup.
<inserted text> }
                 
l.200       \resumeItem
                       {\textbf{Passion for marine robotics} and a strong ba...
I've deleted a group-closing symbol because it seems to be
spurious, as in `$x}$'. But perhaps the } is legitimate and
you forgot something else, as in `\hbox{$x}'. In such cases
the way to recover is to insert both the forgotten and the
deleted material, e.g., by typing `I$}'.

/Users/devanshijain/Documents/GitHub/resume/resume.tex:200: Missing } inserted.
<inserted text> 
                }
l.200       \resumeItem
                       {\textbf{Passion for marine robotics} and a strong ba...
I've put in what seems to be necessary to fix
the current column of the current alignment.
Try to go on, since this might almost work.

/Users/devanshijain/Documents/GitHub/resume/resume.tex:200: Extra }, or forgotten \endgroup.
<inserted text> }
                 
l.200       \resumeItem
                       {\textbf{Passion for marine robotics} and a strong ba...
I've deleted a group-closing symbol because it seems to be
spurious, as in `$x}$'. But perhaps the } is legitimate and
you forgot something else, as in `\hbox{$x}'. In such cases
the way to recover is to insert both the forgotten and the
deleted material, e.g., by typing `I$}'.

/Users/devanshijain/Documents/GitHub/resume/resume.tex:200: Missing } inserted.
<inserted text> 
                }
l.200       \resumeItem
                       {\textbf{Passion for marine robotics} and a strong ba...
I've put in what seems to be necessary to fix
the current column of the current alignment.
Try to go on, since this might almost work.

/Users/devanshijain/Documents/GitHub/resume/resume.tex:200: Extra }, or forgotten \endgroup.
<inserted text> }
                 
l.200       \resumeItem
                       {\textbf{Passion for marine robotics} and a strong ba...
I've deleted a group-closing symbol because it seems to be
spurious, as in `$x}$'. But perhaps the } is legitimate and
you forgot something else, as in `\hbox{$x}'. In such cases
the way to recover is to insert both the forgotten and the
deleted material, e.g., by typing `I$}'.

/Users/devanshijain/Documents/GitHub/resume/resume.tex:200: Missing } inserted.
<inserted text> 
                }
l.200       \resumeItem
                       {\textbf{Passion for marine robotics} and a strong ba...
I've put in what seems to be necessary to fix
the current column of the current alignment.
Try to go on, since this might almost work.

/Users/devanshijain/Documents/GitHub/resume/resume.tex:200: Extra }, or forgotten \endgroup.
<inserted text> }
                 
l.200       \resumeItem
                       {\textbf{Passion for marine robotics} and a strong ba...
I've deleted a group-closing symbol because it seems to be
spurious, as in `$x}$'. But perhaps the } is legitimate and
you forgot something else, as in `\hbox{$x}'. In such cases
the way to recover is to insert both the forgotten and the
deleted material, e.g., by typing `I$}'.

/Users/devanshijain/Documents/GitHub/resume/resume.tex:200: Missing } inserted.
<inserted text> 
                }
l.200       \resumeItem
                       {\textbf{Passion for marine robotics} and a strong ba...
I've put in what seems to be necessary to fix
the current column of the current alignment.
Try to go on, since this might almost work.

/Users/devanshijain/Documents/GitHub/resume/resume.tex:200: Extra }, or forgotten \endgroup.
<inserted text> }
                 
l.200       \resumeItem
                       {\textbf{Passion for marine robotics} and a strong ba...
I've deleted a group-closing symbol because it seems to be
spurious, as in `$x}$'. But perhaps the } is legitimate and
you forgot something else, as in `\hbox{$x}'. In such cases
the way to recover is to insert both the forgotten and the
deleted material, e.g., by typing `I$}'.

/Users/devanshijain/Documents/GitHub/resume/resume.tex:200: Missing } inserted.
<inserted text> 
                }
l.200       \resumeItem
                       {\textbf{Passion for marine robotics} and a strong ba...
I've put in what seems to be necessary to fix
the current column of the current alignment.
Try to go on, since this might almost work.

/Users/devanshijain/Documents/GitHub/resume/resume.tex:200: Extra }, or forgotten \endgroup.
<inserted text> }
                 
l.200       \resumeItem
                       {\textbf{Passion for marine robotics} and a strong ba...
I've deleted a group-closing symbol because it seems to be
spurious, as in `$x}$'. But perhaps the } is legitimate and
you forgot something else, as in `\hbox{$x}'. In such cases
the way to recover is to insert both the forgotten and the
deleted material, e.g., by typing `I$}'.

/Users/devanshijain/Documents/GitHub/resume/resume.tex:200: Missing } inserted.
<inserted text> 
                }
l.200       \resumeItem
                       {\textbf{Passion for marine robotics} and a strong ba...
I've put in what seems to be necessary to fix
the current column of the current alignment.
Try to go on, since this might almost work.

/Users/devanshijain/Documents/GitHub/resume/resume.tex:200: Extra }, or forgotten \endgroup.
<inserted text> }
                 
l.200       \resumeItem
                       {\textbf{Passion for marine robotics} and a strong ba...
I've deleted a group-closing symbol because it seems to be
spurious, as in `$x}$'. But perhaps the } is legitimate and
you forgot something else, as in `\hbox{$x}'. In such cases
the way to recover is to insert both the forgotten and the
deleted material, e.g., by typing `I$}'.

/Users/devanshijain/Documents/GitHub/resume/resume.tex:200: Missing } inserted.
<inserted text> 
                }
l.200       \resumeItem
                       {\textbf{Passion for marine robotics} and a strong ba...
I've put in what seems to be necessary to fix
the current column of the current alignment.
Try to go on, since this might almost work.

/Users/devanshijain/Documents/GitHub/resume/resume.tex:200: Extra }, or forgotten \endgroup.
<inserted text> }
                 
l.200       \resumeItem
                       {\textbf{Passion for marine robotics} and a strong ba...
I've deleted a group-closing symbol because it seems to be
spurious, as in `$x}$'. But perhaps the } is legitimate and
you forgot something else, as in `\hbox{$x}'. In such cases
the way to recover is to insert both the forgotten and the
deleted material, e.g., by typing `I$}'.

/Users/devanshijain/Documents/GitHub/resume/resume.tex:200: Missing } inserted.
<inserted text> 
                }
l.200       \resumeItem
                       {\textbf{Passion for marine robotics} and a strong ba...
I've put in what seems to be necessary to fix
the current column of the current alignment.
Try to go on, since this might almost work.

/Users/devanshijain/Documents/GitHub/resume/resume.tex:200: Extra }, or forgotten \endgroup.
<inserted text> }
                 
l.200       \resumeItem
                       {\textbf{Passion for marine robotics} and a strong ba...
I've deleted a group-closing symbol because it seems to be
spurious, as in `$x}$'. But perhaps the } is legitimate and
you forgot something else, as in `\hbox{$x}'. In such cases
the way to recover is to insert both the forgotten and the
deleted material, e.g., by typing `I$}'.

/Users/devanshijain/Documents/GitHub/resume/resume.tex:200: Missing } inserted.
<inserted text> 
                }
l.200       \resumeItem
                       {\textbf{Passion for marine robotics} and a strong ba...
I've put in what seems to be necessary to fix
the current column of the current alignment.
Try to go on, since this might almost work.

/Users/devanshijain/Documents/GitHub/resume/resume.tex:200: Extra }, or forgotten \endgroup.
<inserted text> }
                 
l.200       \resumeItem
                       {\textbf{Passion for marine robotics} and a strong ba...
I've deleted a group-closing symbol because it seems to be
spurious, as in `$x}$'. But perhaps the } is legitimate and
you forgot something else, as in `\hbox{$x}'. In such cases
the way to recover is to insert both the forgotten and the
deleted material, e.g., by typing `I$}'.

/Users/devanshijain/Documents/GitHub/resume/resume.tex:200: Missing } inserted.
<inserted text> 
                }
l.200       \resumeItem
                       {\textbf{Passion for marine robotics} and a strong ba...
I've put in what seems to be necessary to fix
the current column of the current alignment.
Try to go on, since this might almost work.

/Users/devanshijain/Documents/GitHub/resume/resume.tex:200: Extra }, or forgotten \endgroup.
<inserted text> }
                 
l.200       \resumeItem
                       {\textbf{Passion for marine robotics} and a strong ba...
I've deleted a group-closing symbol because it seems to be
spurious, as in `$x}$'. But perhaps the } is legitimate and
you forgot something else, as in `\hbox{$x}'. In such cases
the way to recover is to insert both the forgotten and the
deleted material, e.g., by typing `I$}'.

/Users/devanshijain/Documents/GitHub/resume/resume.tex:200: Missing } inserted.
<inserted text> 
                }
l.200       \resumeItem
                       {\textbf{Passion for marine robotics} and a strong ba...
I've put in what seems to be necessary to fix
the current column of the current alignment.
Try to go on, since this might almost work.

/Users/devanshijain/Documents/GitHub/resume/resume.tex:200: Extra }, or forgotten \endgroup.
<inserted text> }
                 
l.200       \resumeItem
                       {\textbf{Passion for marine robotics} and a strong ba...
I've deleted a group-closing symbol because it seems to be
spurious, as in `$x}$'. But perhaps the } is legitimate and
you forgot something else, as in `\hbox{$x}'. In such cases
the way to recover is to insert both the forgotten and the
deleted material, e.g., by typing `I$}'.

/Users/devanshijain/Documents/GitHub/resume/resume.tex:200: Missing } inserted.
<inserted text> 
                }
l.200       \resumeItem
                       {\textbf{Passion for marine robotics} and a strong ba...
I've put in what seems to be necessary to fix
the current column of the current alignment.
Try to go on, since this might almost work.

/Users/devanshijain/Documents/GitHub/resume/resume.tex:200: Extra }, or forgotten \endgroup.
<inserted text> }
                 
l.200       \resumeItem
                       {\textbf{Passion for marine robotics} and a strong ba...
I've deleted a group-closing symbol because it seems to be
spurious, as in `$x}$'. But perhaps the } is legitimate and
you forgot something else, as in `\hbox{$x}'. In such cases
the way to recover is to insert both the forgotten and the
deleted material, e.g., by typing `I$}'.

/Users/devanshijain/Documents/GitHub/resume/resume.tex:200: Missing } inserted.
<inserted text> 
                }
l.200       \resumeItem
                       {\textbf{Passion for marine robotics} and a strong ba...
I've put in what seems to be necessary to fix
the current column of the current alignment.
Try to go on, since this might almost work.

/Users/devanshijain/Documents/GitHub/resume/resume.tex:200: Extra }, or forgotten \endgroup.
<inserted text> }
                 
l.200       \resumeItem
                       {\textbf{Passion for marine robotics} and a strong ba...
I've deleted a group-closing symbol because it seems to be
spurious, as in `$x}$'. But perhaps the } is legitimate and
you forgot something else, as in `\hbox{$x}'. In such cases
the way to recover is to insert both the forgotten and the
deleted material, e.g., by typing `I$}'.

/Users/devanshijain/Documents/GitHub/resume/resume.tex:200: Missing } inserted.
<inserted text> 
                }
l.200       \resumeItem
                       {\textbf{Passion for marine robotics} and a strong ba...
I've put in what seems to be necessary to fix
the current column of the current alignment.
Try to go on, since this might almost work.

/Users/devanshijain/Documents/GitHub/resume/resume.tex:200: Extra }, or forgotten \endgroup.
<inserted text> }
                 
l.200       \resumeItem
                       {\textbf{Passion for marine robotics} and a strong ba...
I've deleted a group-closing symbol because it seems to be
spurious, as in `$x}$'. But perhaps the } is legitimate and
you forgot something else, as in `\hbox{$x}'. In such cases
the way to recover is to insert both the forgotten and the
deleted material, e.g., by typing `I$}'.

/Users/devanshijain/Documents/GitHub/resume/resume.tex:200: Missing } inserted.
<inserted text> 
                }
l.200       \resumeItem
                       {\textbf{Passion for marine robotics} and a strong ba...
I've put in what seems to be necessary to fix
the current column of the current alignment.
Try to go on, since this might almost work.

/Users/devanshijain/Documents/GitHub/resume/resume.tex:200: Extra }, or forgotten \endgroup.
<inserted text> }
                 
l.200       \resumeItem
                       {\textbf{Passion for marine robotics} and a strong ba...
I've deleted a group-closing symbol because it seems to be
spurious, as in `$x}$'. But perhaps the } is legitimate and
you forgot something else, as in `\hbox{$x}'. In such cases
the way to recover is to insert both the forgotten and the
deleted material, e.g., by typing `I$}'.

/Users/devanshijain/Documents/GitHub/resume/resume.tex:200: Missing } inserted.
<inserted text> 
                }
l.200       \resumeItem
                       {\textbf{Passion for marine robotics} and a strong ba...
I've put in what seems to be necessary to fix
the current column of the current alignment.
Try to go on, since this might almost work.

/Users/devanshijain/Documents/GitHub/resume/resume.tex:200: Extra }, or forgotten \endgroup.
<inserted text> }
                 
l.200       \resumeItem
                       {\textbf{Passion for marine robotics} and a strong ba...
I've deleted a group-closing symbol because it seems to be
spurious, as in `$x}$'. But perhaps the } is legitimate and
you forgot something else, as in `\hbox{$x}'. In such cases
the way to recover is to insert both the forgotten and the
deleted material, e.g., by typing `I$}'.

/Users/devanshijain/Documents/GitHub/resume/resume.tex:200: Missing } inserted.
<inserted text> 
                }
l.200       \resumeItem
                       {\textbf{Passion for marine robotics} and a strong ba...
I've put in what seems to be necessary to fix
the current column of the current alignment.
Try to go on, since this might almost work.

/Users/devanshijain/Documents/GitHub/resume/resume.tex:200: Extra }, or forgotten \endgroup.
<inserted text> }
                 
l.200       \resumeItem
                       {\textbf{Passion for marine robotics} and a strong ba...
I've deleted a group-closing symbol because it seems to be
spurious, as in `$x}$'. But perhaps the } is legitimate and
you forgot something else, as in `\hbox{$x}'. In such cases
the way to recover is to insert both the forgotten and the
deleted material, e.g., by typing `I$}'.

/Users/devanshijain/Documents/GitHub/resume/resume.tex:200: Missing } inserted.
<inserted text> 
                }
l.200       \resumeItem
                       {\textbf{Passion for marine robotics} and a strong ba...
I've put in what seems to be necessary to fix
the current column of the current alignment.
Try to go on, since this might almost work.

/Users/devanshijain/Documents/GitHub/resume/resume.tex:200: Extra }, or forgotten \endgroup.
<inserted text> }
                 
l.200       \resumeItem
                       {\textbf{Passion for marine robotics} and a strong ba...
I've deleted a group-closing symbol because it seems to be
spurious, as in `$x}$'. But perhaps the } is legitimate and
you forgot something else, as in `\hbox{$x}'. In such cases
the way to recover is to insert both the forgotten and the
deleted material, e.g., by typing `I$}'.

/Users/devanshijain/Documents/GitHub/resume/resume.tex:200: Missing } inserted.
<inserted text> 
                }
l.200       \resumeItem
                       {\textbf{Passion for marine robotics} and a strong ba...
I've put in what seems to be necessary to fix
the current column of the current alignment.
Try to go on, since this might almost work.

/Users/devanshijain/Documents/GitHub/resume/resume.tex:200: Extra }, or forgotten \endgroup.
<inserted text> }
                 
l.200       \resumeItem
                       {\textbf{Passion for marine robotics} and a strong ba...
I've deleted a group-closing symbol because it seems to be
spurious, as in `$x}$'. But perhaps the } is legitimate and
you forgot something else, as in `\hbox{$x}'. In such cases
the way to recover is to insert both the forgotten and the
deleted material, e.g., by typing `I$}'.

/Users/devanshijain/Documents/GitHub/resume/resume.tex:200: Missing } inserted.
<inserted text> 
                }
l.200       \resumeItem
                       {\textbf{Passion for marine robotics} and a strong ba...
I've put in what seems to be necessary to fix
the current column of the current alignment.
Try to go on, since this might almost work.

/Users/devanshijain/Documents/GitHub/resume/resume.tex:200: Extra }, or forgotten \endgroup.
<inserted text> }
                 
l.200       \resumeItem
                       {\textbf{Passion for marine robotics} and a strong ba...
I've deleted a group-closing symbol because it seems to be
spurious, as in `$x}$'. But perhaps the } is legitimate and
you forgot something else, as in `\hbox{$x}'. In such cases
the way to recover is to insert both the forgotten and the
deleted material, e.g., by typing `I$}'.

/Users/devanshijain/Documents/GitHub/resume/resume.tex:200: Missing } inserted.
<inserted text> 
                }
l.200       \resumeItem
                       {\textbf{Passion for marine robotics} and a strong ba...
I've put in what seems to be necessary to fix
the current column of the current alignment.
Try to go on, since this might almost work.

/Users/devanshijain/Documents/GitHub/resume/resume.tex:200: Extra }, or forgotten \endgroup.
<inserted text> }
                 
l.200       \resumeItem
                       {\textbf{Passion for marine robotics} and a strong ba...
I've deleted a group-closing symbol because it seems to be
spurious, as in `$x}$'. But perhaps the } is legitimate and
you forgot something else, as in `\hbox{$x}'. In such cases
the way to recover is to insert both the forgotten and the
deleted material, e.g., by typing `I$}'.

/Users/devanshijain/Documents/GitHub/resume/resume.tex:200: Missing } inserted.
<inserted text> 
                }
l.200       \resumeItem
                       {\textbf{Passion for marine robotics} and a strong ba...
I've put in what seems to be necessary to fix
the current column of the current alignment.
Try to go on, since this might almost work.

/Users/devanshijain/Documents/GitHub/resume/resume.tex:200: Extra }, or forgotten \endgroup.
<inserted text> }
                 
l.200       \resumeItem
                       {\textbf{Passion for marine robotics} and a strong ba...
I've deleted a group-closing symbol because it seems to be
spurious, as in `$x}$'. But perhaps the } is legitimate and
you forgot something else, as in `\hbox{$x}'. In such cases
the way to recover is to insert both the forgotten and the
deleted material, e.g., by typing `I$}'.

/Users/devanshijain/Documents/GitHub/resume/resume.tex:200: Missing } inserted.
<inserted text> 
                }
l.200       \resumeItem
                       {\textbf{Passion for marine robotics} and a strong ba...
I've put in what seems to be necessary to fix
the current column of the current alignment.
Try to go on, since this might almost work.

/Users/devanshijain/Documents/GitHub/resume/resume.tex:200: Extra }, or forgotten \endgroup.
<inserted text> }
                 
l.200       \resumeItem
                       {\textbf{Passion for marine robotics} and a strong ba...
I've deleted a group-closing symbol because it seems to be
spurious, as in `$x}$'. But perhaps the } is legitimate and
you forgot something else, as in `\hbox{$x}'. In such cases
the way to recover is to insert both the forgotten and the
deleted material, e.g., by typing `I$}'.

/Users/devanshijain/Documents/GitHub/resume/resume.tex:200: Missing } inserted.
<inserted text> 
                }
l.200       \resumeItem
                       {\textbf{Passion for marine robotics} and a strong ba...
I've put in what seems to be necessary to fix
the current column of the current alignment.
Try to go on, since this might almost work.

/Users/devanshijain/Documents/GitHub/resume/resume.tex:200: Extra }, or forgotten \endgroup.
<inserted text> }
                 
l.200       \resumeItem
                       {\textbf{Passion for marine robotics} and a strong ba...
I've deleted a group-closing symbol because it seems to be
spurious, as in `$x}$'. But perhaps the } is legitimate and
you forgot something else, as in `\hbox{$x}'. In such cases
the way to recover is to insert both the forgotten and the
deleted material, e.g., by typing `I$}'.

/Users/devanshijain/Documents/GitHub/resume/resume.tex:200: Missing } inserted.
<inserted text> 
                }
l.200       \resumeItem
                       {\textbf{Passion for marine robotics} and a strong ba...
I've put in what seems to be necessary to fix
the current column of the current alignment.
Try to go on, since this might almost work.

/Users/devanshijain/Documents/GitHub/resume/resume.tex:200: Extra }, or forgotten \endgroup.
<inserted text> }
                 
l.200       \resumeItem
                       {\textbf{Passion for marine robotics} and a strong ba...
I've deleted a group-closing symbol because it seems to be
spurious, as in `$x}$'. But perhaps the } is legitimate and
you forgot something else, as in `\hbox{$x}'. In such cases
the way to recover is to insert both the forgotten and the
deleted material, e.g., by typing `I$}'.

/Users/devanshijain/Documents/GitHub/resume/resume.tex:200: Missing } inserted.
<inserted text> 
                }
l.200       \resumeItem
                       {\textbf{Passion for marine robotics} and a strong ba...
I've put in what seems to be necessary to fix
the current column of the current alignment.
Try to go on, since this might almost work.

/Users/devanshijain/Documents/GitHub/resume/resume.tex:200: Extra }, or forgotten \endgroup.
<inserted text> }
                 
l.200       \resumeItem
                       {\textbf{Passion for marine robotics} and a strong ba...
I've deleted a group-closing symbol because it seems to be
spurious, as in `$x}$'. But perhaps the } is legitimate and
you forgot something else, as in `\hbox{$x}'. In such cases
the way to recover is to insert both the forgotten and the
deleted material, e.g., by typing `I$}'.

/Users/devanshijain/Documents/GitHub/resume/resume.tex:200: Missing } inserted.
<inserted text> 
                }
l.200       \resumeItem
                       {\textbf{Passion for marine robotics} and a strong ba...
I've put in what seems to be necessary to fix
the current column of the current alignment.
Try to go on, since this might almost work.

/Users/devanshijain/Documents/GitHub/resume/resume.tex:200: Extra }, or forgotten \endgroup.
<inserted text> }
                 
l.200       \resumeItem
                       {\textbf{Passion for marine robotics} and a strong ba...
I've deleted a group-closing symbol because it seems to be
spurious, as in `$x}$'. But perhaps the } is legitimate and
you forgot something else, as in `\hbox{$x}'. In such cases
the way to recover is to insert both the forgotten and the
deleted material, e.g., by typing `I$}'.

/Users/devanshijain/Documents/GitHub/resume/resume.tex:200: Missing } inserted.
<inserted text> 
                }
l.200       \resumeItem
                       {\textbf{Passion for marine robotics} and a strong ba...
I've put in what seems to be necessary to fix
the current column of the current alignment.
Try to go on, since this might almost work.

/Users/devanshijain/Documents/GitHub/resume/resume.tex:200: Extra }, or forgotten \endgroup.
<inserted text> }
                 
l.200       \resumeItem
                       {\textbf{Passion for marine robotics} and a strong ba...
I've deleted a group-closing symbol because it seems to be
spurious, as in `$x}$'. But perhaps the } is legitimate and
you forgot something else, as in `\hbox{$x}'. In such cases
the way to recover is to insert both the forgotten and the
deleted material, e.g., by typing `I$}'.

/Users/devanshijain/Documents/GitHub/resume/resume.tex:200: Missing } inserted.
<inserted text> 
                }
l.200       \resumeItem
                       {\textbf{Passion for marine robotics} and a strong ba...
I've put in what seems to be necessary to fix
the current column of the current alignment.
Try to go on, since this might almost work.

/Users/devanshijain/Documents/GitHub/resume/resume.tex:200: Extra }, or forgotten \endgroup.
<inserted text> }
                 
l.200       \resumeItem
                       {\textbf{Passion for marine robotics} and a strong ba...
I've deleted a group-closing symbol because it seems to be
spurious, as in `$x}$'. But perhaps the } is legitimate and
you forgot something else, as in `\hbox{$x}'. In such cases
the way to recover is to insert both the forgotten and the
deleted material, e.g., by typing `I$}'.

/Users/devanshijain/Documents/GitHub/resume/resume.tex:200: Missing } inserted.
<inserted text> 
                }
l.200       \resumeItem
                       {\textbf{Passion for marine robotics} and a strong ba...
I've put in what seems to be necessary to fix
the current column of the current alignment.
Try to go on, since this might almost work.

/Users/devanshijain/Documents/GitHub/resume/resume.tex:200: Extra }, or forgotten \endgroup.
<inserted text> }
                 
l.200       \resumeItem
                       {\textbf{Passion for marine robotics} and a strong ba...
I've deleted a group-closing symbol because it seems to be
spurious, as in `$x}$'. But perhaps the } is legitimate and
you forgot something else, as in `\hbox{$x}'. In such cases
the way to recover is to insert both the forgotten and the
deleted material, e.g., by typing `I$}'.

/Users/devanshijain/Documents/GitHub/resume/resume.tex:200: Missing } inserted.
<inserted text> 
                }
l.200       \resumeItem
                       {\textbf{Passion for marine robotics} and a strong ba...
I've put in what seems to be necessary to fix
the current column of the current alignment.
Try to go on, since this might almost work.

/Users/devanshijain/Documents/GitHub/resume/resume.tex:200: Extra }, or forgotten \endgroup.
<inserted text> }
                 
l.200       \resumeItem
                       {\textbf{Passion for marine robotics} and a strong ba...
I've deleted a group-closing symbol because it seems to be
spurious, as in `$x}$'. But perhaps the } is legitimate and
you forgot something else, as in `\hbox{$x}'. In such cases
the way to recover is to insert both the forgotten and the
deleted material, e.g., by typing `I$}'.

/Users/devanshijain/Documents/GitHub/resume/resume.tex:200: Missing } inserted.
<inserted text> 
                }
l.200       \resumeItem
                       {\textbf{Passion for marine robotics} and a strong ba...
I've put in what seems to be necessary to fix
the current column of the current alignment.
Try to go on, since this might almost work.

/Users/devanshijain/Documents/GitHub/resume/resume.tex:200: Extra }, or forgotten \endgroup.
<inserted text> }
                 
l.200       \resumeItem
                       {\textbf{Passion for marine robotics} and a strong ba...
I've deleted a group-closing symbol because it seems to be
spurious, as in `$x}$'. But perhaps the } is legitimate and
you forgot something else, as in `\hbox{$x}'. In such cases
the way to recover is to insert both the forgotten and the
deleted material, e.g., by typing `I$}'.

/Users/devanshijain/Documents/GitHub/resume/resume.tex:200: Missing } inserted.
<inserted text> 
                }
l.200       \resumeItem
                       {\textbf{Passion for marine robotics} and a strong ba...
I've put in what seems to be necessary to fix
the current column of the current alignment.
Try to go on, since this might almost work.

/Users/devanshijain/Documents/GitHub/resume/resume.tex:200: Extra }, or forgotten \endgroup.
<inserted text> }
                 
l.200       \resumeItem
                       {\textbf{Passion for marine robotics} and a strong ba...
I've deleted a group-closing symbol because it seems to be
spurious, as in `$x}$'. But perhaps the } is legitimate and
you forgot something else, as in `\hbox{$x}'. In such cases
the way to recover is to insert both the forgotten and the
deleted material, e.g., by typing `I$}'.

/Users/devanshijain/Documents/GitHub/resume/resume.tex:200: Missing } inserted.
<inserted text> 
                }
l.200       \resumeItem
                       {\textbf{Passion for marine robotics} and a strong ba...
I've put in what seems to be necessary to fix
the current column of the current alignment.
Try to go on, since this might almost work.

/Users/devanshijain/Documents/GitHub/resume/resume.tex:200: Extra }, or forgotten \endgroup.
<inserted text> }
                 
l.200       \resumeItem
                       {\textbf{Passion for marine robotics} and a strong ba...
I've deleted a group-closing symbol because it seems to be
spurious, as in `$x}$'. But perhaps the } is legitimate and
you forgot something else, as in `\hbox{$x}'. In such cases
the way to recover is to insert both the forgotten and the
deleted material, e.g., by typing `I$}'.

/Users/devanshijain/Documents/GitHub/resume/resume.tex:200: Missing } inserted.
<inserted text> 
                }
l.200       \resumeItem
                       {\textbf{Passion for marine robotics} and a strong ba...
I've put in what seems to be necessary to fix
the current column of the current alignment.
Try to go on, since this might almost work.

/Users/devanshijain/Documents/GitHub/resume/resume.tex:200: Extra }, or forgotten \endgroup.
<inserted text> }
                 
l.200       \resumeItem
                       {\textbf{Passion for marine robotics} and a strong ba...
I've deleted a group-closing symbol because it seems to be
spurious, as in `$x}$'. But perhaps the } is legitimate and
you forgot something else, as in `\hbox{$x}'. In such cases
the way to recover is to insert both the forgotten and the
deleted material, e.g., by typing `I$}'.

/Users/devanshijain/Documents/GitHub/resume/resume.tex:200: Missing } inserted.
<inserted text> 
                }
l.200       \resumeItem
                       {\textbf{Passion for marine robotics} and a strong ba...
I've put in what seems to be necessary to fix
the current column of the current alignment.
Try to go on, since this might almost work.

/Users/devanshijain/Documents/GitHub/resume/resume.tex:200: Extra }, or forgotten \endgroup.
<inserted text> }
                 
l.200       \resumeItem
                       {\textbf{Passion for marine robotics} and a strong ba...
I've deleted a group-closing symbol because it seems to be
spurious, as in `$x}$'. But perhaps the } is legitimate and
you forgot something else, as in `\hbox{$x}'. In such cases
the way to recover is to insert both the forgotten and the
deleted material, e.g., by typing `I$}'.

/Users/devanshijain/Documents/GitHub/resume/resume.tex:200: Missing } inserted.
<inserted text> 
                }
l.200       \resumeItem
                       {\textbf{Passion for marine robotics} and a strong ba...
I've put in what seems to be necessary to fix
the current column of the current alignment.
Try to go on, since this might almost work.

/Users/devanshijain/Documents/GitHub/resume/resume.tex:200: Extra }, or forgotten \endgroup.
<inserted text> }
                 
l.200       \resumeItem
                       {\textbf{Passion for marine robotics} and a strong ba...
I've deleted a group-closing symbol because it seems to be
spurious, as in `$x}$'. But perhaps the } is legitimate and
you forgot something else, as in `\hbox{$x}'. In such cases
the way to recover is to insert both the forgotten and the
deleted material, e.g., by typing `I$}'.

/Users/devanshijain/Documents/GitHub/resume/resume.tex:200: Missing } inserted.
<inserted text> 
                }
l.200       \resumeItem
                       {\textbf{Passion for marine robotics} and a strong ba...
I've put in what seems to be necessary to fix
the current column of the current alignment.
Try to go on, since this might almost work.

/Users/devanshijain/Documents/GitHub/resume/resume.tex:200: Extra }, or forgotten \endgroup.
<inserted text> }
                 
l.200       \resumeItem
                       {\textbf{Passion for marine robotics} and a strong ba...
I've deleted a group-closing symbol because it seems to be
spurious, as in `$x}$'. But perhaps the } is legitimate and
you forgot something else, as in `\hbox{$x}'. In such cases
the way to recover is to insert both the forgotten and the
deleted material, e.g., by typing `I$}'.

/Users/devanshijain/Documents/GitHub/resume/resume.tex:200: Missing } inserted.
<inserted text> 
                }
l.200       \resumeItem
                       {\textbf{Passion for marine robotics} and a strong ba...
I've put in what seems to be necessary to fix
the current column of the current alignment.
Try to go on, since this might almost work.

/Users/devanshijain/Documents/GitHub/resume/resume.tex:200: Extra }, or forgotten \endgroup.
<inserted text> }
                 
l.200       \resumeItem
                       {\textbf{Passion for marine robotics} and a strong ba...
I've deleted a group-closing symbol because it seems to be
spurious, as in `$x}$'. But perhaps the } is legitimate and
you forgot something else, as in `\hbox{$x}'. In such cases
the way to recover is to insert both the forgotten and the
deleted material, e.g., by typing `I$}'.

/Users/devanshijain/Documents/GitHub/resume/resume.tex:200: Missing } inserted.
<inserted text> 
                }
l.200       \resumeItem
                       {\textbf{Passion for marine robotics} and a strong ba...
I've put in what seems to be necessary to fix
the current column of the current alignment.
Try to go on, since this might almost work.

/Users/devanshijain/Documents/GitHub/resume/resume.tex:200: Extra }, or forgotten \endgroup.
<inserted text> }
                 
l.200       \resumeItem
                       {\textbf{Passion for marine robotics} and a strong ba...
I've deleted a group-closing symbol because it seems to be
spurious, as in `$x}$'. But perhaps the } is legitimate and
you forgot something else, as in `\hbox{$x}'. In such cases
the way to recover is to insert both the forgotten and the
deleted material, e.g., by typing `I$}'.

/Users/devanshijain/Documents/GitHub/resume/resume.tex:200: Missing } inserted.
<inserted text> 
                }
l.200       \resumeItem
                       {\textbf{Passion for marine robotics} and a strong ba...
I've put in what seems to be necessary to fix
the current column of the current alignment.
Try to go on, since this might almost work.

/Users/devanshijain/Documents/GitHub/resume/resume.tex:200: Extra }, or forgotten \endgroup.
<inserted text> }
                 
l.200       \resumeItem
                       {\textbf{Passion for marine robotics} and a strong ba...
I've deleted a group-closing symbol because it seems to be
spurious, as in `$x}$'. But perhaps the } is legitimate and
you forgot something else, as in `\hbox{$x}'. In such cases
the way to recover is to insert both the forgotten and the
deleted material, e.g., by typing `I$}'.

/Users/devanshijain/Documents/GitHub/resume/resume.tex:200: Missing } inserted.
<inserted text> 
                }
l.200       \resumeItem
                       {\textbf{Passion for marine robotics} and a strong ba...
(That makes 100 errors; please try again.) 
Here is how much of TeX's memory you used:
 24883 strings out of 476315
 494665 string characters out of 5775435
 1855074 words of memory out of 5000000
 44943 multiletter control sequences out of 15000+600000
 521147 words of font info for 65 fonts, out of 8000000 for 9000
 1141 hyphenation exceptions out of 8191
 84i,9n,89p,454b,411s stack positions out of 10000i,1000n,20000p,200000b,200000s

/Users/devanshijain/Documents/GitHub/resume/resume.tex:200:  ==> Fatal error occurred, no output PDF file produced!
